C:\USERS\BLAKE\DESKTOP\GAMESKELETON\GAMESKELETON\GAMESOLUTION\ENGINE\DEBUG\OBJ\DLLMAIN.OBJ
C:\USERS\BLAKE\DESKTOP\GAMESKELETON\GAMESKELETON\GAMESOLUTION\ENGINE\DEBUG\OBJ\ENGINE.OBJ
C:\USERS\BLAKE\DESKTOP\GAMESKELETON\GAMESKELETON\GAMESOLUTION\ENGINE\DEBUG\OBJ\VC110.PDB
C:\Users\Blake\Desktop\GameSkeleton\GameSkeleton\TwoDCalculator\Debug\Engine.lib
C:\Users\Blake\Desktop\GameSkeleton\GameSkeleton\TwoDCalculator\Debug\Engine.exp
C:\USERS\BLAKE\DESKTOP\GAMESKELETON\GAMESKELETON\TWODCALCULATOR\DEBUG\ENGINE.ILK
C:\USERS\BLAKE\DESKTOP\GAMESKELETON\GAMESKELETON\TWODCALCULATOR\DEBUG\ENGINE.DLL
C:\USERS\BLAKE\DESKTOP\GAMESKELETON\GAMESKELETON\TWODCALCULATOR\DEBUG\ENGINE.PDB
C:\_\src\Neumont\gat160blake_rollins\GameSkeleton\GameSolution\Engine\Debug\obj\dllmain.obj
C:\_\src\Neumont\gat160blake_rollins\GameSkeleton\GameSolution\Engine\Debug\obj\Engine.obj
C:\_\src\Neumont\gat160blake_rollins\GameSkeleton\GameSolution\Engine\Debug\obj\cl.command.1.tlog
C:\_\src\Neumont\gat160blake_rollins\GameSkeleton\GameSolution\Engine\Debug\obj\CL.read.1.tlog
C:\_\src\Neumont\gat160blake_rollins\GameSkeleton\GameSolution\Engine\Debug\obj\CL.write.1.tlog
C:\_\src\Neumont\gat160blake_rollins\GameSkeleton\GameSolution\Engine\Debug\obj\Engine.write.1.tlog
C:\_\src\Neumont\gat160blake_rollins\GameSkeleton\GameSolution\Engine\Debug\obj\link-cvtres.read.1.tlog
C:\_\src\Neumont\gat160blake_rollins\GameSkeleton\GameSolution\Engine\Debug\obj\link-cvtres.write.1.tlog
C:\_\src\Neumont\gat160blake_rollins\GameSkeleton\GameSolution\Engine\Debug\obj\link-rc.read.1.tlog
C:\_\src\Neumont\gat160blake_rollins\GameSkeleton\GameSolution\Engine\Debug\obj\link-rc.write.1.tlog
C:\_\src\Neumont\gat160blake_rollins\GameSkeleton\GameSolution\Engine\Debug\obj\link.command.1.tlog
C:\_\src\Neumont\gat160blake_rollins\GameSkeleton\GameSolution\Engine\Debug\obj\link.read.1.tlog
C:\_\src\Neumont\gat160blake_rollins\GameSkeleton\GameSolution\Engine\Debug\obj\link.write.1.tlog
C:\_\src\Neumont\gat160blake_rollins\GameSkeleton\GameSolution\Engine\Debug\obj\vc110.idb
C:\_\src\Neumont\gat160blake_rollins\GameSkeleton\GameSolution\Engine\Debug\obj\vc110.pdb
